{"/Users/mohsin.ali/Learning/BaxtureAppNode/index.ts": {"path":"/Users/mohsin.ali/Learning/BaxtureAppNode/index.ts","statementMap":{"0":{"start":{"line":1,"column":0},"end":{"line":1,"column":43}},"1":{"start":{"line":2,"column":0},"end":{"line":2,"column":32}},"2":{"start":{"line":3,"column":0},"end":{"line":3,"column":28}},"3":{"start":{"line":4,"column":0},"end":{"line":4,"column":39}},"4":{"start":{"line":6,"column":0},"end":{"line":6,"column":16}},"5":{"start":{"line":8,"column":21},"end":{"line":8,"column":30}},"6":{"start":{"line":9,"column":13},"end":{"line":9,"column":29}},"7":{"start":{"line":10,"column":17},"end":{"line":10,"column":40}},"8":{"start":{"line":11,"column":17},"end":{"line":11,"column":40}},"9":{"start":{"line":12,"column":17},"end":{"line":12,"column":37}},"10":{"start":{"line":14,"column":0},"end":{"line":14,"column":24}},"11":{"start":{"line":16,"column":0},"end":{"line":16,"column":24}},"12":{"start":{"line":18,"column":18},"end":{"line":31,"column":2}},"13":{"start":{"line":18,"column":29},"end":{"line":31,"column":2}},"14":{"start":{"line":19,"column":2},"end":{"line":30,"column":3}},"15":{"start":{"line":20,"column":17},"end":{"line":22,"column":null}},"16":{"start":{"line":24,"column":4},"end":{"line":24,"column":40}},"17":{"start":{"line":25,"column":4},"end":{"line":27,"column":7}},"18":{"start":{"line":26,"column":6},"end":{"line":26,"column":50}},"19":{"start":{"line":29,"column":4},"end":{"line":29,"column":33}},"20":{"start":{"line":32,"column":0},"end":{"line":32,"column":12}},"21":{"start":{"line":34,"column":0},"end":{"line":34,"column":19}}},"fnMap":{"0":{"name":"(anonymous_8)","decl":{"start":{"line":18,"column":18},"end":{"line":18,"column":27}},"loc":{"start":{"line":18,"column":29},"end":{"line":31,"column":2}}},"1":{"name":"(anonymous_9)","decl":{"start":{"line":18,"column":29},"end":{"line":18,"column":null}},"loc":{"start":{"line":18,"column":29},"end":{"line":31,"column":1}}},"2":{"name":"(anonymous_10)","decl":{"start":{"line":25,"column":21},"end":{"line":25,"column":24}},"loc":{"start":{"line":25,"column":26},"end":{"line":27,"column":5}}}},"branchMap":{},"s":{"0":1,"1":1,"2":1,"3":1,"4":1,"5":1,"6":1,"7":1,"8":1,"9":1,"10":1,"11":1,"12":1,"13":1,"14":1,"15":1,"16":1,"17":1,"18":1,"19":0,"20":1,"21":1},"f":{"0":1,"1":1,"2":1},"b":{}}
,"/Users/mohsin.ali/Learning/BaxtureAppNode/controllers/deleteAllUser.ts": {"path":"/Users/mohsin.ali/Learning/BaxtureAppNode/controllers/deleteAllUser.ts","statementMap":{"0":{"start":{"line":2,"column":0},"end":{"line":2,"column":39}},"1":{"start":{"line":5,"column":39},"end":{"line":18,"column":2}},"2":{"start":{"line":5,"column":77},"end":{"line":18,"column":2}},"3":{"start":{"line":7,"column":2},"end":{"line":17,"column":3}},"4":{"start":{"line":8,"column":4},"end":{"line":8,"column":30}},"5":{"start":{"line":9,"column":4},"end":{"line":11,"column":7}},"6":{"start":{"line":13,"column":4},"end":{"line":13,"column":25}},"7":{"start":{"line":14,"column":4},"end":{"line":16,"column":7}},"8":{"start":{"line":5,"column":13},"end":{"line":5,"column":39}}},"fnMap":{"0":{"name":"(anonymous_7)","decl":{"start":{"line":5,"column":39},"end":{"line":5,"column":46}},"loc":{"start":{"line":5,"column":77},"end":{"line":18,"column":2}}},"1":{"name":"(anonymous_8)","decl":{"start":{"line":5,"column":77},"end":{"line":5,"column":null}},"loc":{"start":{"line":5,"column":77},"end":{"line":18,"column":1}}}},"branchMap":{},"s":{"0":1,"1":1,"2":1,"3":1,"4":1,"5":1,"6":0,"7":0,"8":1},"f":{"0":1,"1":1},"b":{}}
,"/Users/mohsin.ali/Learning/BaxtureAppNode/controllers/deleteUserById.ts": {"path":"/Users/mohsin.ali/Learning/BaxtureAppNode/controllers/deleteUserById.ts","statementMap":{"0":{"start":{"line":2,"column":0},"end":{"line":2,"column":39}},"1":{"start":{"line":3,"column":0},"end":{"line":3,"column":32}},"2":{"start":{"line":5,"column":40},"end":{"line":21,"column":2}},"3":{"start":{"line":5,"column":78},"end":{"line":21,"column":2}},"4":{"start":{"line":7,"column":2},"end":{"line":20,"column":3}},"5":{"start":{"line":8,"column":19},"end":{"line":8,"column":36}},"6":{"start":{"line":9,"column":4},"end":{"line":11,"column":7}},"7":{"start":{"line":12,"column":4},"end":{"line":14,"column":7}},"8":{"start":{"line":16,"column":4},"end":{"line":16,"column":25}},"9":{"start":{"line":17,"column":4},"end":{"line":19,"column":7}},"10":{"start":{"line":5,"column":13},"end":{"line":5,"column":40}}},"fnMap":{"0":{"name":"(anonymous_8)","decl":{"start":{"line":5,"column":40},"end":{"line":5,"column":47}},"loc":{"start":{"line":5,"column":78},"end":{"line":21,"column":2}}},"1":{"name":"(anonymous_9)","decl":{"start":{"line":5,"column":78},"end":{"line":5,"column":null}},"loc":{"start":{"line":5,"column":78},"end":{"line":21,"column":1}}}},"branchMap":{},"s":{"0":1,"1":1,"2":1,"3":1,"4":1,"5":1,"6":1,"7":1,"8":0,"9":0,"10":1},"f":{"0":1,"1":1},"b":{}}
,"/Users/mohsin.ali/Learning/BaxtureAppNode/controllers/getAllUsers.ts": {"path":"/Users/mohsin.ali/Learning/BaxtureAppNode/controllers/getAllUsers.ts","statementMap":{"0":{"start":{"line":2,"column":0},"end":{"line":2,"column":39}},"1":{"start":{"line":5,"column":37},"end":{"line":16,"column":2}},"2":{"start":{"line":5,"column":75},"end":{"line":16,"column":2}},"3":{"start":{"line":7,"column":2},"end":{"line":15,"column":3}},"4":{"start":{"line":8,"column":18},"end":{"line":8,"column":37}},"5":{"start":{"line":9,"column":4},"end":{"line":9,"column":43}},"6":{"start":{"line":11,"column":4},"end":{"line":11,"column":25}},"7":{"start":{"line":12,"column":4},"end":{"line":14,"column":7}},"8":{"start":{"line":5,"column":13},"end":{"line":5,"column":37}}},"fnMap":{"0":{"name":"(anonymous_7)","decl":{"start":{"line":5,"column":37},"end":{"line":5,"column":44}},"loc":{"start":{"line":5,"column":75},"end":{"line":16,"column":2}}},"1":{"name":"(anonymous_8)","decl":{"start":{"line":5,"column":75},"end":{"line":5,"column":null}},"loc":{"start":{"line":5,"column":75},"end":{"line":16,"column":1}}}},"branchMap":{},"s":{"0":1,"1":1,"2":1,"3":1,"4":1,"5":1,"6":0,"7":0,"8":1},"f":{"0":1,"1":1},"b":{}}
,"/Users/mohsin.ali/Learning/BaxtureAppNode/controllers/getUserById.ts": {"path":"/Users/mohsin.ali/Learning/BaxtureAppNode/controllers/getUserById.ts","statementMap":{"0":{"start":{"line":2,"column":0},"end":{"line":2,"column":39}},"1":{"start":{"line":5,"column":37},"end":{"line":17,"column":2}},"2":{"start":{"line":5,"column":75},"end":{"line":17,"column":2}},"3":{"start":{"line":7,"column":2},"end":{"line":16,"column":3}},"4":{"start":{"line":8,"column":19},"end":{"line":8,"column":36}},"5":{"start":{"line":9,"column":17},"end":{"line":9,"column":52}},"6":{"start":{"line":10,"column":4},"end":{"line":10,"column":42}},"7":{"start":{"line":12,"column":4},"end":{"line":12,"column":25}},"8":{"start":{"line":13,"column":4},"end":{"line":15,"column":7}},"9":{"start":{"line":5,"column":13},"end":{"line":5,"column":37}}},"fnMap":{"0":{"name":"(anonymous_7)","decl":{"start":{"line":5,"column":37},"end":{"line":5,"column":44}},"loc":{"start":{"line":5,"column":75},"end":{"line":17,"column":2}}},"1":{"name":"(anonymous_8)","decl":{"start":{"line":5,"column":75},"end":{"line":5,"column":null}},"loc":{"start":{"line":5,"column":75},"end":{"line":17,"column":1}}}},"branchMap":{},"s":{"0":1,"1":1,"2":1,"3":1,"4":1,"5":1,"6":1,"7":0,"8":0,"9":1},"f":{"0":1,"1":1},"b":{}}
,"/Users/mohsin.ali/Learning/BaxtureAppNode/controllers/saveUser.ts": {"path":"/Users/mohsin.ali/Learning/BaxtureAppNode/controllers/saveUser.ts","statementMap":{"0":{"start":{"line":2,"column":0},"end":{"line":2,"column":39}},"1":{"start":{"line":5,"column":34},"end":{"line":24,"column":2}},"2":{"start":{"line":5,"column":72},"end":{"line":24,"column":2}},"3":{"start":{"line":7,"column":2},"end":{"line":23,"column":3}},"4":{"start":{"line":8,"column":39},"end":{"line":8,"column":47}},"5":{"start":{"line":9,"column":17},"end":{"line":13,"column":13}},"6":{"start":{"line":14,"column":4},"end":{"line":17,"column":7}},"7":{"start":{"line":19,"column":4},"end":{"line":19,"column":25}},"8":{"start":{"line":20,"column":4},"end":{"line":22,"column":7}},"9":{"start":{"line":5,"column":13},"end":{"line":5,"column":34}}},"fnMap":{"0":{"name":"(anonymous_7)","decl":{"start":{"line":5,"column":34},"end":{"line":5,"column":41}},"loc":{"start":{"line":5,"column":72},"end":{"line":24,"column":2}}},"1":{"name":"(anonymous_8)","decl":{"start":{"line":5,"column":72},"end":{"line":5,"column":null}},"loc":{"start":{"line":5,"column":72},"end":{"line":24,"column":1}}}},"branchMap":{},"s":{"0":1,"1":1,"2":1,"3":1,"4":1,"5":1,"6":1,"7":0,"8":0,"9":1},"f":{"0":1,"1":1},"b":{}}
,"/Users/mohsin.ali/Learning/BaxtureAppNode/controllers/updateUser.ts": {"path":"/Users/mohsin.ali/Learning/BaxtureAppNode/controllers/updateUser.ts","statementMap":{"0":{"start":{"line":2,"column":0},"end":{"line":2,"column":39}},"1":{"start":{"line":3,"column":0},"end":{"line":3,"column":32}},"2":{"start":{"line":5,"column":36},"end":{"line":33,"column":2}},"3":{"start":{"line":5,"column":74},"end":{"line":33,"column":2}},"4":{"start":{"line":7,"column":2},"end":{"line":32,"column":3}},"5":{"start":{"line":8,"column":19},"end":{"line":8,"column":36}},"6":{"start":{"line":9,"column":39},"end":{"line":9,"column":47}},"7":{"start":{"line":10,"column":17},"end":{"line":21,"column":null}},"8":{"start":{"line":23,"column":4},"end":{"line":26,"column":7}},"9":{"start":{"line":28,"column":4},"end":{"line":28,"column":25}},"10":{"start":{"line":29,"column":4},"end":{"line":31,"column":7}},"11":{"start":{"line":5,"column":13},"end":{"line":5,"column":36}}},"fnMap":{"0":{"name":"(anonymous_8)","decl":{"start":{"line":5,"column":36},"end":{"line":5,"column":43}},"loc":{"start":{"line":5,"column":74},"end":{"line":33,"column":2}}},"1":{"name":"(anonymous_9)","decl":{"start":{"line":5,"column":74},"end":{"line":5,"column":null}},"loc":{"start":{"line":5,"column":74},"end":{"line":33,"column":1}}}},"branchMap":{},"s":{"0":1,"1":1,"2":1,"3":1,"4":1,"5":1,"6":1,"7":1,"8":1,"9":0,"10":0,"11":1},"f":{"0":1,"1":1},"b":{}}
,"/Users/mohsin.ali/Learning/BaxtureAppNode/models/user_validator.ts": {"path":"/Users/mohsin.ali/Learning/BaxtureAppNode/models/user_validator.ts","statementMap":{"0":{"start":{"line":1,"column":0},"end":{"line":1,"column":22}},"1":{"start":{"line":4,"column":31},"end":{"line":8,"column":2}},"2":{"start":{"line":10,"column":34},"end":{"line":25,"column":2}},"3":{"start":{"line":14,"column":4},"end":{"line":25,"column":2}},"4":{"start":{"line":15,"column":2},"end":{"line":24,"column":3}},"5":{"start":{"line":16,"column":19},"end":{"line":16,"column":71}},"6":{"start":{"line":17,"column":4},"end":{"line":17,"column":11}},"7":{"start":{"line":19,"column":4},"end":{"line":19,"column":47}},"8":{"start":{"line":20,"column":4},"end":{"line":23,"column":7}},"9":{"start":{"line":10,"column":13},"end":{"line":10,"column":34}}},"fnMap":{"0":{"name":"(anonymous_8)","decl":{"start":{"line":10,"column":34},"end":{"line":10,"column":null}},"loc":{"start":{"line":14,"column":4},"end":{"line":25,"column":2}}},"1":{"name":"(anonymous_9)","decl":{"start":{"line":14,"column":4},"end":{"line":14,"column":null}},"loc":{"start":{"line":14,"column":4},"end":{"line":25,"column":1}}}},"branchMap":{},"s":{"0":1,"1":1,"2":1,"3":1,"4":1,"5":1,"6":1,"7":0,"8":0,"9":1},"f":{"0":1,"1":1},"b":{}}
,"/Users/mohsin.ali/Learning/BaxtureAppNode/models/users.ts": {"path":"/Users/mohsin.ali/Learning/BaxtureAppNode/models/users.ts","statementMap":{"0":{"start":{"line":1,"column":0},"end":{"line":1,"column":32}},"1":{"start":{"line":3,"column":19},"end":{"line":22,"column":null}},"2":{"start":{"line":25,"column":13},"end":{"line":25,"column":55}}},"fnMap":{},"branchMap":{},"s":{"0":1,"1":1,"2":1},"f":{},"b":{}}
,"/Users/mohsin.ali/Learning/BaxtureAppNode/routes/user.ts": {"path":"/Users/mohsin.ali/Learning/BaxtureAppNode/routes/user.ts","statementMap":{"0":{"start":{"line":1,"column":0},"end":{"line":1,"column":33}},"1":{"start":{"line":2,"column":0},"end":{"line":2,"column":67}},"2":{"start":{"line":3,"column":0},"end":{"line":3,"column":67}},"3":{"start":{"line":4,"column":0},"end":{"line":4,"column":61}},"4":{"start":{"line":5,"column":0},"end":{"line":5,"column":65}},"5":{"start":{"line":6,"column":0},"end":{"line":6,"column":73}},"6":{"start":{"line":7,"column":0},"end":{"line":7,"column":71}},"7":{"start":{"line":8,"column":0},"end":{"line":8,"column":62}},"8":{"start":{"line":10,"column":13},"end":{"line":10,"column":31}},"9":{"start":{"line":12,"column":0},"end":{"line":12,"column":45}},"10":{"start":{"line":14,"column":0},"end":{"line":14,"column":53}},"11":{"start":{"line":16,"column":0},"end":{"line":16,"column":64}},"12":{"start":{"line":18,"column":0},"end":{"line":18,"column":52}},"13":{"start":{"line":20,"column":0},"end":{"line":20,"column":59}},"14":{"start":{"line":22,"column":0},"end":{"line":22,"column":50}}},"fnMap":{},"branchMap":{},"s":{"0":1,"1":1,"2":1,"3":1,"4":1,"5":1,"6":1,"7":1,"8":1,"9":1,"10":1,"11":1,"12":1,"13":1,"14":1},"f":{},"b":{}}
}
